<?xml version="1.0" encoding="UTF-8"?>
<!-- Generated by org.testng.reporters.JUnitReportReporter -->
<testsuite hostname="LAPTOP-O6UDEKEP" failures="0" tests="1" name="com.nexsoft.newcontact.AppiumContactDiary" time="41.321" errors="0" timestamp="2022-06-23T14:38:21 ICT" skipped="0">
  <testcase classname="com.nexsoft.newcontact.AppiumContactDiary" name="init" time="41.321"/>
  <system-out/>
</testsuite> <!-- com.nexsoft.newcontact.AppiumContactDiary -->
