<?xml version="1.0" encoding="UTF-8"?>
<!-- Generated by org.testng.reporters.JUnitReportReporter -->
<testsuite hostname="LAPTOP-O6UDEKEP" failures="0" tests="1" name="com.nexsoft.newcontact.runner.CucumberRunner" time="21.358" errors="0" timestamp="2022-06-24T08:36:17 ICT" skipped="0">
  <testcase classname="com.nexsoft.newcontact.runner.CucumberRunner" name="runScenario" time="21.358"/>
  <system-out/>
</testsuite> <!-- com.nexsoft.newcontact.runner.CucumberRunner -->
