<?xml version="1.0" encoding="UTF-8"?>
<!-- Generated by org.testng.reporters.JUnitReportReporter -->
<testsuite hostname="LAPTOP-O6UDEKEP" failures="0" tests="3" name="com.nexsoft.contactdiary.ContactDiaryTest" time="50.279" errors="0" timestamp="2022-06-22T14:44:18 ICT" skipped="0">
  <testcase classname="com.nexsoft.contactdiary.ContactDiaryTest" name="init" time="22.281"/>
  <system-out/>
  <testcase classname="com.nexsoft.contactdiary.ContactDiaryTest" name="masukKePageAddEvent" time="2.092"/>
  <system-out/>
  <testcase classname="com.nexsoft.contactdiary.ContactDiaryTest" name="addEvent" time="25.906"/>
  <system-out/>
</testsuite> <!-- com.nexsoft.contactdiary.ContactDiaryTest -->
