<?xml version="1.0" encoding="UTF-8"?>
<!-- Generated by org.testng.reporters.JUnitReportReporter -->
<testsuite hostname="LAPTOP-O6UDEKEP" failures="0" tests="1" name="com.nexsoft.newcontact.pom.NewContact_Test" time="45.623" errors="0" timestamp="2022-06-23T21:07:01 ICT" skipped="0">
  <testcase classname="com.nexsoft.newcontact.pom.NewContact_Test" name="init" time="45.623"/>
  <system-out/>
</testsuite> <!-- com.nexsoft.newcontact.pom.NewContact_Test -->
